Performing C SOURCE FILE Test HAVE_XINPUT_GAMEPAD_EX failed with the following output:
Change Dir: Y:/kys-cpp/third/SDL2-2.0.14/build/CMakeFiles/CMakeTmp

Run Build Command(s):e:/Program Files (x86)/Microsoft Visual Studio/2019/Professional/MSBuild/Current/Bin/MSBuild.exe cmTC_00761.vcxproj /p:Configuration=Debug /p:Platform=x64 /p:VisualStudioVersion=16.0 /v:m && 用于 .NET Framework 的 Microsoft (R) 生成引擎版本 16.8.3+39993bd9d
版权所有(C) Microsoft Corporation。保留所有权利。

  用于 x64 的 Microsoft (R) C/C++ 优化编译器 19.28.29336 版
  版权所有(C) Microsoft Corporation。保留所有权利。
  src.c
  cl /c /Zi /W3 /WX- /diagnostics:column /Od /Ob0 /D WIN32 /D _WINDOWS /D HAVE_XINPUT_GAMEPAD_EX /D "CMAKE_INTDIR=\"Debug\"" /D _MBCS /Gm- /RTC1 /MDd /GS /fp:precise /Zc:wchar_t /Zc:forScope /Zc:inline /Fo"cmTC_00761.dir\Debug\\" /Fd"cmTC_00761.dir\Debug\vc142.pdb" /Gd /TC /errorReport:queue "Y:\kys-cpp\third\SDL2-2.0.14\build\CMakeFiles\CMakeTmp\src.c"
Y:\kys-cpp\third\SDL2-2.0.14\build\CMakeFiles\CMakeTmp\src.c(4,27): error C2061: 语法错误: 标识符“x1” [Y:\kys-cpp\third\SDL2-2.0.14\build\CMakeFiles\CMakeTmp\cmTC_00761.vcxproj]
Y:\kys-cpp\third\SDL2-2.0.14\build\CMakeFiles\CMakeTmp\src.c(4,27): error C2059: 语法错误:“;” [Y:\kys-cpp\third\SDL2-2.0.14\build\CMakeFiles\CMakeTmp\cmTC_00761.vcxproj]


Source file was:

        #include <windows.h>
        #include <xinput.h>
        XINPUT_GAMEPAD_EX x1;
        int main(int argc, char **argv) { }
Performing C SOURCE FILE Test HAVE_XINPUT_STATE_EX failed with the following output:
Change Dir: Y:/kys-cpp/third/SDL2-2.0.14/build/CMakeFiles/CMakeTmp

Run Build Command(s):e:/Program Files (x86)/Microsoft Visual Studio/2019/Professional/MSBuild/Current/Bin/MSBuild.exe cmTC_738f8.vcxproj /p:Configuration=Debug /p:Platform=x64 /p:VisualStudioVersion=16.0 /v:m && 用于 .NET Framework 的 Microsoft (R) 生成引擎版本 16.8.3+39993bd9d
版权所有(C) Microsoft Corporation。保留所有权利。

  用于 x64 的 Microsoft (R) C/C++ 优化编译器 19.28.29336 版
  版权所有(C) Microsoft Corporation。保留所有权利。
  src.c
  cl /c /Zi /W3 /WX- /diagnostics:column /Od /Ob0 /D WIN32 /D _WINDOWS /D HAVE_XINPUT_STATE_EX /D "CMAKE_INTDIR=\"Debug\"" /D _MBCS /Gm- /RTC1 /MDd /GS /fp:precise /Zc:wchar_t /Zc:forScope /Zc:inline /Fo"cmTC_738f8.dir\Debug\\" /Fd"cmTC_738f8.dir\Debug\vc142.pdb" /Gd /TC /errorReport:queue "Y:\kys-cpp\third\SDL2-2.0.14\build\CMakeFiles\CMakeTmp\src.c"
Y:\kys-cpp\third\SDL2-2.0.14\build\CMakeFiles\CMakeTmp\src.c(4,25): error C2061: 语法错误: 标识符“s1” [Y:\kys-cpp\third\SDL2-2.0.14\build\CMakeFiles\CMakeTmp\cmTC_738f8.vcxproj]
Y:\kys-cpp\third\SDL2-2.0.14\build\CMakeFiles\CMakeTmp\src.c(4,25): error C2059: 语法错误:“;” [Y:\kys-cpp\third\SDL2-2.0.14\build\CMakeFiles\CMakeTmp\cmTC_738f8.vcxproj]


Source file was:

        #include <windows.h>
        #include <xinput.h>
        XINPUT_STATE_EX s1;
        int main(int argc, char **argv) { }
